Unity Editor version:    2020.3.18f1 (a7d1c678663c)
Branch:                  2020.3/staging
Build type:              Release
Batch mode:              YES
macOS version:           Version 11.5 (Build 20G71)
Darwin version:          20.6.0
Architecture:            x86_64
Running under Rosetta:   NO
Available memory:        16384 MB
Using pre-set license
Pro License: NO

COMMAND LINE ARGUMENTS:
/Applications/Unity/Hub/Editor/2020.3.18f1/Unity.app/Contents/MacOS/Unity
-adb2
-batchMode
-noUpm
-name
AssetImportWorker0
-projectPath
/Users/doniatung1/Documents/cs98/hack-a-thing-21f-2-donia/monsterchaseGameTutorial
-logFile
Logs/AssetImportWorker0.log
-srvPort
54520
Successfully changed project path to: /Users/doniatung1/Documents/cs98/hack-a-thing-21f-2-donia/monsterchaseGameTutorial
/Users/doniatung1/Documents/cs98/hack-a-thing-21f-2-donia/monsterchaseGameTutorial
Using Asset Import Pipeline V2.
Refreshing native plugins compatible for Editor in 48.45 ms, found 3 plugins.
Preloading 0 native plugins for Editor in 0.00 ms.
Initialize engine version: 2020.3.18f1 (a7d1c678663c)
[Subsystems] Discovering subsystems at path /Applications/Unity/Hub/Editor/2020.3.18f1/Unity.app/Contents/Resources/UnitySubsystems
[Subsystems] Discovering subsystems at path /Users/doniatung1/Documents/cs98/hack-a-thing-21f-2-donia/monsterchaseGameTutorial/Assets
GfxDevice: creating device client; threaded=0
2021-09-27 13:16:18.476 Unity[8595:231430] Color LCD preferred device: AMD Radeon Pro 560X (high power)
2021-09-27 13:16:18.476 Unity[8595:231430] Metal devices available: 2
2021-09-27 13:16:18.476 Unity[8595:231430] 0: AMD Radeon Pro 560X (high power)
2021-09-27 13:16:18.476 Unity[8595:231430] 1: Intel(R) UHD Graphics 630 (low power)
2021-09-27 13:16:18.477 Unity[8595:231430] Using device AMD Radeon Pro 560X (high power)
Initializing Metal device caps: AMD Radeon Pro 560X
Initialize mono
Mono path[0] = '/Applications/Unity/Hub/Editor/2020.3.18f1/Unity.app/Contents/Managed'
Mono path[1] = '/Applications/Unity/Hub/Editor/2020.3.18f1/Unity.app/Contents/MonoBleedingEdge/lib/mono/unityjit'
Mono config path = '/Applications/Unity/Hub/Editor/2020.3.18f1/Unity.app/Contents/MonoBleedingEdge/etc'
Using monoOptions --debugger-agent=transport=dt_socket,embedding=1,server=y,suspend=n,address=127.0.0.1:56595
Begin MonoManager ReloadAssembly
Registering precompiled unity dll's ...
Register platform support module: /Applications/Unity/Hub/Editor/2020.3.18f1/Unity.app/Contents/PlaybackEngines/MacStandaloneSupport/UnityEditor.OSXStandalone.Extensions.dll
Registered in 0.000764 seconds.
Native extension for OSXStandalone target not found
Refreshing native plugins compatible for Editor in 40.14 ms, found 3 plugins.
Preloading 0 native plugins for Editor in 0.00 ms.
Mono: successfully reloaded assembly
- Completed reload, in  2.856 seconds
Domain Reload Profiling:
	ReloadAssembly (2870ms)
		BeginReloadAssembly (61ms)
			ExecutionOrderSort (0ms)
			DisableScriptedObjects (0ms)
			BackupInstance (0ms)
			ReleaseScriptingObjects (0ms)
			CreateAndSetChildDomain (2ms)
		EndReloadAssembly (469ms)
			LoadAssemblies (46ms)
			RebuildTransferFunctionScriptingTraits (0ms)
			SetupTypeCache (174ms)
			ReleaseScriptCaches (0ms)
			RebuildScriptCaches (42ms)
			SetupLoadedEditorAssemblies (197ms)
				LogAssemblyErrors (0ms)
				InitializePlatformSupportModulesInManaged (4ms)
				SetLoadedEditorAssemblies (0ms)
				RefreshPlugins (40ms)
				BeforeProcessingInitializeOnLoad (10ms)
				ProcessInitializeOnLoadAttributes (111ms)
				ProcessInitializeOnLoadMethodAttributes (32ms)
				AfterProcessingInitializeOnLoad (0ms)
				EditorAssembliesLoaded (0ms)
			ExecutionOrderSort2 (0ms)
			AwakeInstancesAfterBackupRestoration (0ms)
Platform modules already initialized, skipping
Registering precompiled user dll's ...
Registered in 0.001271 seconds.
Begin MonoManager ReloadAssembly
Native extension for OSXStandalone target not found
Refreshing native plugins compatible for Editor in 37.89 ms, found 3 plugins.
Preloading 0 native plugins for Editor in 0.00 ms.
Mono: successfully reloaded assembly
- Completed reload, in  1.315 seconds
Domain Reload Profiling:
	ReloadAssembly (1323ms)
		BeginReloadAssembly (173ms)
			ExecutionOrderSort (0ms)
			DisableScriptedObjects (7ms)
			BackupInstance (0ms)
			ReleaseScriptingObjects (0ms)
			CreateAndSetChildDomain (31ms)
		EndReloadAssembly (1081ms)
			LoadAssemblies (78ms)
			RebuildTransferFunctionScriptingTraits (0ms)
			SetupTypeCache (345ms)
			ReleaseScriptCaches (0ms)
			RebuildScriptCaches (66ms)
			SetupLoadedEditorAssemblies (447ms)
				LogAssemblyErrors (0ms)
				InitializePlatformSupportModulesInManaged (4ms)
				SetLoadedEditorAssemblies (0ms)
				RefreshPlugins (38ms)
				BeforeProcessingInitializeOnLoad (76ms)
				ProcessInitializeOnLoadAttributes (304ms)
				ProcessInitializeOnLoadMethodAttributes (22ms)
				AfterProcessingInitializeOnLoad (3ms)
				EditorAssembliesLoaded (0ms)
			ExecutionOrderSort2 (0ms)
			AwakeInstancesAfterBackupRestoration (13ms)
Platform modules already initialized, skipping
Validating Project structure ... 0.000303 seconds.
Shader import version has changed; will reimport all shaders...
Upgrading shader files ...0.000267 seconds.
Application.AssetDatabase Initial Script Refresh Start
RefreshInfo: InitialScriptRefreshV2(NoUpdateAssetOptions) scanfilter:  ... 1 filters
RefreshProfiler: Total: 0.000ms
Application.AssetDatabase Initial Script Refresh End
Application.AssetDatabase.Refresh Start
Application.AssetDatabase.Refresh End
RefreshInfo: StopAssetImportingV2(ForceSynchronousImport) scanfilter: 
RefreshProfiler: Total: 0.000ms
Launching external process: /Applications/Unity/Hub/Editor/2020.3.18f1/Unity.app/Contents/Tools/UnityShaderCompiler
Launched and connected shader compiler UnityShaderCompiler after 0.01 seconds
Initializing Unity extensions:
========================================================================
Worker process is ready to serve import requests
Refreshing native plugins compatible for Editor in 0.40 ms, found 3 plugins.
Preloading 0 native plugins for Editor in 0.00 ms.
Unloading 2091 Unused Serialized files (Serialized files now loaded: 0)
System memory in use before: 198.8 MB.
System memory in use after: 197.9 MB.

Unloading 99 unused Assets to reduce memory usage. Loaded Objects now: 2569.
Total: 4.241207 ms (FindLiveObjects: 0.213165 ms CreateObjectMapping: 0.088037 ms MarkObjects: 3.391814 ms  DeleteObjects: 0.547291 ms)

AssetImportParameters requested are different than current active one (requested -> active):
  custom:video-decoder-ogg-theora: a1e56fd34408186e4bbccfd4996cb3dc -> 
  custom:container-muxer-webm: aa71ff27fc2769a1b78a27578f13a17b -> 
  custom:container-demuxer-webm: 4f35f7cbe854078d1ac9338744f61a02 -> 
  custom:container-demuxer-ogg: 62fdf1f143b41e24485cea50d1cbac27 -> 
  custom:video-encoder-webm-vp8: eb34c28f22e8b96e1ab97ce403110664 -> 
  custom:framework-osx-AVFoundation: e770b220cccbd017edd2c1fefb359320 -> 
  custom:video-decoder-webm-vp8: 9c59270c3fd7afecdb556c50c9e8de78 -> 
  custom:audio-decoder-ogg-vorbis: bf7c407c2cedff20999df2af8eb42d56 -> 
  custom:audio-encoder-webm-vorbis: bf7c407c2cedff20999df2af8eb42d56 -> 
========================================================================
Received Import Request.
  path: Assets/Scenes/Gameplay.unity
  artifactKey: Guid(2cda990e2423bbf4892e6590ba056729) Importer(815301076,1909f56bfc062723c751e8b465ee728b)
Start importing Assets/Scenes/Gameplay.unity using Guid(2cda990e2423bbf4892e6590ba056729) Importer(815301076,1909f56bfc062723c751e8b465ee728b)  -> (artifact id: '53c4b7055f5edcdcf14256944432e9a0') in 0.012986 seconds 
  Import took 0.017804 seconds .

========================================================================
Received Import Request.
  Time since last request: 90.027943 seconds.
  path: Assets/Scenes
  artifactKey: Guid(eaa9f1690c5294b92b9dbcdcfbaa5084) Importer(815301076,1909f56bfc062723c751e8b465ee728b)
Start importing Assets/Scenes using Guid(eaa9f1690c5294b92b9dbcdcfbaa5084) Importer(815301076,1909f56bfc062723c751e8b465ee728b)  -> (artifact id: 'def8ad3f487d24bcb78f10847ba795a8') in 0.001129 seconds 
  Import took 0.004788 seconds .

========================================================================
Received Import Request.
  Time since last request: 44.233552 seconds.
  path: Assets/Sprites
  artifactKey: Guid(8e0a21389d226466aa5a9076dd9b692e) Importer(815301076,1909f56bfc062723c751e8b465ee728b)
Start importing Assets/Sprites using Guid(8e0a21389d226466aa5a9076dd9b692e) Importer(815301076,1909f56bfc062723c751e8b465ee728b)  -> (artifact id: '410ad00dea94e8db264c1f4c31ac7078') in 0.001675 seconds 
  Import took 0.005085 seconds .

========================================================================
Received Import Request.
  Time since last request: 0.000735 seconds.
  path: Assets/Sprites
  artifactKey: Guid(8e0a21389d226466aa5a9076dd9b692e) Importer(815301076,1909f56bfc062723c751e8b465ee728b)
Start importing Assets/Sprites using Guid(8e0a21389d226466aa5a9076dd9b692e) Importer(815301076,1909f56bfc062723c751e8b465ee728b)  -> (artifact id: '410ad00dea94e8db264c1f4c31ac7078') in 0.000842 seconds 
  Import took 0.004512 seconds .

========================================================================
Received Import Request.
  Time since last request: 0.072189 seconds.
  path: Assets/Sprites/Background.jpg
  artifactKey: Guid(f878deb164ff74caaaae59b123f70b4d) Importer(815301076,1909f56bfc062723c751e8b465ee728b)
Start importing Assets/Sprites/Background.jpg using Guid(f878deb164ff74caaaae59b123f70b4d) Importer(815301076,1909f56bfc062723c751e8b465ee728b)  -> (artifact id: '24bbfa8ce8465b33f69722dd3a6ed087') in 1.255619 seconds 
  Import took 1.259497 seconds .

========================================================================
Received Import Request.
  Time since last request: 0.004158 seconds.
  path: Assets/Sprites/Moon.png
  artifactKey: Guid(7d2bcd5642969477ba97adb4d54936e6) Importer(815301076,1909f56bfc062723c751e8b465ee728b)
Start importing Assets/Sprites/Moon.png using Guid(7d2bcd5642969477ba97adb4d54936e6) Importer(815301076,1909f56bfc062723c751e8b465ee728b)  -> (artifact id: '3ebfd99f55e0ce660969104d750e292e') in 1.140742 seconds 
  Import took 1.145309 seconds .

========================================================================
Received Import Request.
  Time since last request: 0.004406 seconds.
  path: Assets/Sprites/Home.png
  artifactKey: Guid(4e66e5ae75c5f4fdaab818aa8a38d59e) Importer(815301076,1909f56bfc062723c751e8b465ee728b)
Start importing Assets/Sprites/Home.png using Guid(4e66e5ae75c5f4fdaab818aa8a38d59e) Importer(815301076,1909f56bfc062723c751e8b465ee728b)  -> (artifact id: 'e27bbef9d7e8ddc4cfae706ba5c88a97') in 0.014536 seconds 
  Import took 0.019243 seconds .

========================================================================
Received Import Request.
  Time since last request: 0.000323 seconds.
  path: Assets/Sprites/Enemies.png
  artifactKey: Guid(84eed0b73263549a4a357317d9d94a76) Importer(815301076,1909f56bfc062723c751e8b465ee728b)
Start importing Assets/Sprites/Enemies.png using Guid(84eed0b73263549a4a357317d9d94a76) Importer(815301076,1909f56bfc062723c751e8b465ee728b)  -> (artifact id: 'db8a4cf6b31159348705471cffa79c83') in 0.017805 seconds 
  Import took 0.022068 seconds .

========================================================================
Received Import Request.
  Time since last request: 0.000273 seconds.
  path: Assets/Sprites/Player Select.png
  artifactKey: Guid(a4f245dbe22204fee965ce8efc462d6c) Importer(815301076,1909f56bfc062723c751e8b465ee728b)
Start importing Assets/Sprites/Player Select.png using Guid(a4f245dbe22204fee965ce8efc462d6c) Importer(815301076,1909f56bfc062723c751e8b465ee728b)  -> (artifact id: '7a9812176cb1bb7bffe6d4936c2167ff') in 0.011612 seconds 
  Import took 0.015261 seconds .

========================================================================
Received Import Request.
  Time since last request: 0.000245 seconds.
  path: Assets/Sprites/Restart.png
  artifactKey: Guid(a5e0df204588d433084a483f04440c4a) Importer(815301076,1909f56bfc062723c751e8b465ee728b)
Start importing Assets/Sprites/Restart.png using Guid(a5e0df204588d433084a483f04440c4a) Importer(815301076,1909f56bfc062723c751e8b465ee728b)  -> (artifact id: '12ccae3a24d8317b7c7e57f984164bdd') in 0.010486 seconds 
  Import took 0.014311 seconds .

========================================================================
Received Import Request.
  Time since last request: 0.000458 seconds.
  path: Assets/Sprites/Players.png
  artifactKey: Guid(a4c16367a4e994e5daa04d5ec93aa619) Importer(815301076,1909f56bfc062723c751e8b465ee728b)
Start importing Assets/Sprites/Players.png using Guid(a4c16367a4e994e5daa04d5ec93aa619) Importer(815301076,1909f56bfc062723c751e8b465ee728b)  -> (artifact id: '0140df7048fd57aade595982c3accf50') in 0.013998 seconds 
  Import took 0.017811 seconds .

========================================================================
Received Import Request.
  Time since last request: 0.000272 seconds.
  path: Assets/Sprites/Ground.jpg
  artifactKey: Guid(763625ce8109e4d62864efd67b63748c) Importer(815301076,1909f56bfc062723c751e8b465ee728b)
Start importing Assets/Sprites/Ground.jpg using Guid(763625ce8109e4d62864efd67b63748c) Importer(815301076,1909f56bfc062723c751e8b465ee728b)  -> (artifact id: 'd61e0ee48364dea7415c46dd6fb82cbd') in 0.013527 seconds 
  Import took 0.017211 seconds .

========================================================================
Received Import Request.
  Time since last request: 0.007670 seconds.
  path: Assets/Sprites/Players.png
  artifactKey: Guid(a4c16367a4e994e5daa04d5ec93aa619) Importer(815301076,1909f56bfc062723c751e8b465ee728b)
Start importing Assets/Sprites/Players.png using Guid(a4c16367a4e994e5daa04d5ec93aa619) Importer(815301076,1909f56bfc062723c751e8b465ee728b)  -> (artifact id: '0140df7048fd57aade595982c3accf50') in 0.012585 seconds 
  Import took 0.016728 seconds .

========================================================================
Received Import Request.
  Time since last request: 44.919960 seconds.
  path: Assets/Sprites/Players.png
  artifactKey: Guid(a4c16367a4e994e5daa04d5ec93aa619) Importer(815301076,1909f56bfc062723c751e8b465ee728b)
Start importing Assets/Sprites/Players.png using Guid(a4c16367a4e994e5daa04d5ec93aa619) Importer(815301076,1909f56bfc062723c751e8b465ee728b)  -> (artifact id: 'fc15da4087d093de28563092938f808a') in 0.010241 seconds 
  Import took 0.014637 seconds .

========================================================================
Received Import Request.
  Time since last request: 116.330096 seconds.
  path: Assets/Sprites/Players.png
  artifactKey: Guid(a4c16367a4e994e5daa04d5ec93aa619) Importer(815301076,1909f56bfc062723c751e8b465ee728b)
Start importing Assets/Sprites/Players.png using Guid(a4c16367a4e994e5daa04d5ec93aa619) Importer(815301076,1909f56bfc062723c751e8b465ee728b)  -> (artifact id: '166f5d669fe0a7c3d6a28cf54bedb989') in 0.083287 seconds 
  Import took 0.087611 seconds .

========================================================================
Received Import Request.
  Time since last request: 162.250547 seconds.
  path: Assets/Sprites/Players.png
  artifactKey: Guid(a4c16367a4e994e5daa04d5ec93aa619) Importer(815301076,1909f56bfc062723c751e8b465ee728b)
Start importing Assets/Sprites/Players.png using Guid(a4c16367a4e994e5daa04d5ec93aa619) Importer(815301076,1909f56bfc062723c751e8b465ee728b)  -> (artifact id: '30e0bff2cccce34aba2fca5897714d0d') in 0.064226 seconds 
  Import took 0.068332 seconds .

========================================================================
Received Import Request.
  Time since last request: 35.435250 seconds.
  path: Assets/Animations
  artifactKey: Guid(9229fd3cf8d684b75a8c56ac7f6e1990) Importer(815301076,1909f56bfc062723c751e8b465ee728b)
Start importing Assets/Animations using Guid(9229fd3cf8d684b75a8c56ac7f6e1990) Importer(815301076,1909f56bfc062723c751e8b465ee728b)  -> (artifact id: '080efaedfa15dd348e8a9dacf911bc45') in 0.002030 seconds 
  Import took 0.006063 seconds .

========================================================================
Received Import Request.
  Time since last request: 10.077777 seconds.
  path: Assets/Animations/Player Animations
  artifactKey: Guid(e683cea8ec79648378723781dac8d8a7) Importer(815301076,1909f56bfc062723c751e8b465ee728b)
Start importing Assets/Animations/Player Animations using Guid(e683cea8ec79648378723781dac8d8a7) Importer(815301076,1909f56bfc062723c751e8b465ee728b)  -> (artifact id: '2574c001a60c580bb9c2c24a89f879eb') in 0.002308 seconds 
  Import took 0.006038 seconds .

========================================================================
Received Import Request.
  Time since last request: 6.520735 seconds.
  path: Assets/Animations/Player Animations/Player 1 Animations
  artifactKey: Guid(abed16f90ff2e4b00af5cb01a65431fb) Importer(815301076,1909f56bfc062723c751e8b465ee728b)
Start importing Assets/Animations/Player Animations/Player 1 Animations using Guid(abed16f90ff2e4b00af5cb01a65431fb) Importer(815301076,1909f56bfc062723c751e8b465ee728b)  -> (artifact id: '9807c47a6e08acaea62f947e2c7e25c3') in 0.002567 seconds 
  Import took 0.006289 seconds .

========================================================================
Received Import Request.
  Time since last request: 6.882073 seconds.
  path: Assets/Animations/Player Animations/Player 1 Animations/New Folder
  artifactKey: Guid(ea6fed9e605894b68a1d836262b105e1) Importer(815301076,1909f56bfc062723c751e8b465ee728b)
Start importing Assets/Animations/Player Animations/Player 1 Animations/New Folder using Guid(ea6fed9e605894b68a1d836262b105e1) Importer(815301076,1909f56bfc062723c751e8b465ee728b)  -> (artifact id: '4cd2a51aec6c05abf3b84bc47fd62c73') in 0.002420 seconds 
  Import took 0.006349 seconds .

========================================================================
Received Import Request.
  Time since last request: 12.007010 seconds.
  path: Assets/Animations/Player Animations/Player 1 Animations/Player 1 Animator.controller
  artifactKey: Guid(c58d08e03c1404e9aad1c8ec617f7c84) Importer(815301076,1909f56bfc062723c751e8b465ee728b)
Start importing Assets/Animations/Player Animations/Player 1 Animations/Player 1 Animator.controller using Guid(c58d08e03c1404e9aad1c8ec617f7c84) Importer(815301076,1909f56bfc062723c751e8b465ee728b)  -> (artifact id: '76a953c13aaa38d546836237fc09a9ab') in 1.311588 seconds 
  Import took 1.315841 seconds .

========================================================================
Received Import Request.
  Time since last request: 46.984441 seconds.
  path: Assets/Animations/Player Animations/Player 1 Animations/Player 1 Controller.controller
  artifactKey: Guid(c58d08e03c1404e9aad1c8ec617f7c84) Importer(815301076,1909f56bfc062723c751e8b465ee728b)
Start importing Assets/Animations/Player Animations/Player 1 Animations/Player 1 Controller.controller using Guid(c58d08e03c1404e9aad1c8ec617f7c84) Importer(815301076,1909f56bfc062723c751e8b465ee728b)  -> (artifact id: '836144c3007e6ba3ced7cd2184bda4dc') in 0.006510 seconds 
  Import took 0.010943 seconds .

========================================================================
Received Import Request.
  Time since last request: 673.886708 seconds.
  path: Assets/Prefabs
  artifactKey: Guid(88ae8eccf72b248e1accb44a4788aaa6) Importer(815301076,1909f56bfc062723c751e8b465ee728b)
Start importing Assets/Prefabs using Guid(88ae8eccf72b248e1accb44a4788aaa6) Importer(815301076,1909f56bfc062723c751e8b465ee728b)  -> (artifact id: '8365055f52f6e2622cc0a0a3067db77e') in 0.002399 seconds 
  Import took 0.006335 seconds .

========================================================================
Received Import Request.
  Time since last request: 3.927443 seconds.
  path: Assets/Prefabs/Player 1.prefab
  artifactKey: Guid(ac25200882a0446f396f99834c1413e9) Importer(815301076,1909f56bfc062723c751e8b465ee728b)
Start importing Assets/Prefabs/Player 1.prefab using Guid(ac25200882a0446f396f99834c1413e9) Importer(815301076,1909f56bfc062723c751e8b465ee728b)  -> (artifact id: 'b06cd7bab04af67b8015ecc1a86940ca') in 0.506018 seconds 
  Import took 0.509956 seconds .

========================================================================
Received Import Request.
  Time since last request: 69.681477 seconds.
  path: Assets/Animations/Player Animations/Player 2 Animations
  artifactKey: Guid(928112a493e864995b7509516aedac12) Importer(815301076,1909f56bfc062723c751e8b465ee728b)
Start importing Assets/Animations/Player Animations/Player 2 Animations using Guid(928112a493e864995b7509516aedac12) Importer(815301076,1909f56bfc062723c751e8b465ee728b)  -> (artifact id: 'e58a262e274b97b33c5a1a8d0e2b798a') in 0.002844 seconds 
  Import took 0.006876 seconds .

========================================================================
Received Import Request.
  Time since last request: 55.465620 seconds.
  path: Assets/Sprites/Players.png
  artifactKey: Guid(a4c16367a4e994e5daa04d5ec93aa619) Importer(815301076,1909f56bfc062723c751e8b465ee728b)
Start importing Assets/Sprites/Players.png using Guid(a4c16367a4e994e5daa04d5ec93aa619) Importer(815301076,1909f56bfc062723c751e8b465ee728b)  -> (artifact id: 'bcd681249e6a4c5603532d4f1160e880') in 0.073250 seconds 
  Import took 0.076996 seconds .

========================================================================
Received Import Request.
  Time since last request: 35.987511 seconds.
  path: Assets/Prefabs/Player 2.prefab
  artifactKey: Guid(85a982c046ea1482f8538c639080e34e) Importer(815301076,1909f56bfc062723c751e8b465ee728b)
Start importing Assets/Prefabs/Player 2.prefab using Guid(85a982c046ea1482f8538c639080e34e) Importer(815301076,1909f56bfc062723c751e8b465ee728b)  -> (artifact id: '11f0f1a0ba7e25e6706d6673ccf1093e') in 0.014098 seconds 
  Import took 0.018215 seconds .

========================================================================
Received Import Request.
  Time since last request: 20.640529 seconds.
  path: Assets/Animations/Player Animations/Player 2 Animations/Player 2.controller
  artifactKey: Guid(2b95cd92605c648eb82d58ba8a5f323e) Importer(815301076,1909f56bfc062723c751e8b465ee728b)
Start importing Assets/Animations/Player Animations/Player 2 Animations/Player 2.controller using Guid(2b95cd92605c648eb82d58ba8a5f323e) Importer(815301076,1909f56bfc062723c751e8b465ee728b)  -> (artifact id: '64bc156c4a4fca18cee511a2208b6fdb') in 0.004238 seconds 
  Import took 0.008015 seconds .

========================================================================
Received Import Request.
  Time since last request: 25.019497 seconds.
  path: Assets/Animations/Player Animations/Player 2 Animations/Player 2 Controller.controller
  artifactKey: Guid(2b95cd92605c648eb82d58ba8a5f323e) Importer(815301076,1909f56bfc062723c751e8b465ee728b)
Start importing Assets/Animations/Player Animations/Player 2 Animations/Player 2 Controller.controller using Guid(2b95cd92605c648eb82d58ba8a5f323e) Importer(815301076,1909f56bfc062723c751e8b465ee728b)  -> (artifact id: '10f809a634d338af1dacb9fb24b19a1f') in 0.004712 seconds 
  Import took 0.008621 seconds .

========================================================================
Received Import Request.
  Time since last request: 7.777520 seconds.
  path: Assets/Animations/Player Animations/Player 1 Animations/Player 1 Controller.controller
  artifactKey: Guid(c58d08e03c1404e9aad1c8ec617f7c84) Importer(815301076,1909f56bfc062723c751e8b465ee728b)
Start importing Assets/Animations/Player Animations/Player 1 Animations/Player 1 Controller.controller using Guid(c58d08e03c1404e9aad1c8ec617f7c84) Importer(815301076,1909f56bfc062723c751e8b465ee728b)  -> (artifact id: '3035e0742c679b7cf44190b19d70c436') in 0.004128 seconds 
  Import took 0.008189 seconds .

========================================================================
Received Import Request.
  Time since last request: 57.769162 seconds.
  path: Assets/Prefabs/Player 2.prefab
  artifactKey: Guid(85a982c046ea1482f8538c639080e34e) Importer(815301076,1909f56bfc062723c751e8b465ee728b)
Start importing Assets/Prefabs/Player 2.prefab using Guid(85a982c046ea1482f8538c639080e34e) Importer(815301076,1909f56bfc062723c751e8b465ee728b)  -> (artifact id: '71bdbf526b862b59730533a352866c68') in 0.011702 seconds 
  Import took 0.015937 seconds .

========================================================================
Received Import Request.
  Time since last request: 152.557081 seconds.
  path: ProjectSettings/TagManager.asset
  artifactKey: Guid(00000000000000003000000000000000) Importer(815301076,1909f56bfc062723c751e8b465ee728b)
Start importing ProjectSettings/TagManager.asset using Guid(00000000000000003000000000000000) Importer(815301076,1909f56bfc062723c751e8b465ee728b)  -> (artifact id: '95df672b4aaba54310d34c83eef51bb8') in 0.187414 seconds 
  Import took 0.191053 seconds .

========================================================================
Received Prepare
Registering precompiled user dll's ...
Registered in 0.001611 seconds.
Begin MonoManager ReloadAssembly
Native extension for OSXStandalone target not found
Refreshing native plugins compatible for Editor in 0.47 ms, found 3 plugins.
Preloading 0 native plugins for Editor in 0.00 ms.
Mono: successfully reloaded assembly
- Completed reload, in  1.318 seconds
Domain Reload Profiling:
	ReloadAssembly (1318ms)
		BeginReloadAssembly (147ms)
			ExecutionOrderSort (0ms)
			DisableScriptedObjects (7ms)
			BackupInstance (0ms)
			ReleaseScriptingObjects (0ms)
			CreateAndSetChildDomain (76ms)
		EndReloadAssembly (1099ms)
			LoadAssemblies (82ms)
			RebuildTransferFunctionScriptingTraits (0ms)
			SetupTypeCache (380ms)
			ReleaseScriptCaches (1ms)
			RebuildScriptCaches (71ms)
			SetupLoadedEditorAssemblies (408ms)
				LogAssemblyErrors (0ms)
				InitializePlatformSupportModulesInManaged (6ms)
				SetLoadedEditorAssemblies (1ms)
				RefreshPlugins (0ms)
				BeforeProcessingInitializeOnLoad (133ms)
				ProcessInitializeOnLoadAttributes (259ms)
				ProcessInitializeOnLoadMethodAttributes (7ms)
				AfterProcessingInitializeOnLoad (1ms)
				EditorAssembliesLoaded (0ms)
			ExecutionOrderSort2 (0ms)
			AwakeInstancesAfterBackupRestoration (13ms)
Platform modules already initialized, skipping
Refreshing native plugins compatible for Editor in 0.46 ms, found 3 plugins.
Preloading 0 native plugins for Editor in 0.00 ms.
Unloading 2080 Unused Serialized files (Serialized files now loaded: 0)
System memory in use before: 217.5 MB.
System memory in use after: 217.6 MB.

Unloading 16 unused Assets to reduce memory usage. Loaded Objects now: 2617.
Total: 3.449178 ms (FindLiveObjects: 0.218464 ms CreateObjectMapping: 0.088575 ms MarkObjects: 3.102543 ms  DeleteObjects: 0.038654 ms)

AssetImportParameters requested are different than current active one (requested -> active):
  custom:video-decoder-ogg-theora: a1e56fd34408186e4bbccfd4996cb3dc -> 
  custom:container-muxer-webm: aa71ff27fc2769a1b78a27578f13a17b -> 
  custom:container-demuxer-webm: 4f35f7cbe854078d1ac9338744f61a02 -> 
  custom:container-demuxer-ogg: 62fdf1f143b41e24485cea50d1cbac27 -> 
  custom:video-encoder-webm-vp8: eb34c28f22e8b96e1ab97ce403110664 -> 
  custom:framework-osx-AVFoundation: e770b220cccbd017edd2c1fefb359320 -> 
  custom:video-decoder-webm-vp8: 9c59270c3fd7afecdb556c50c9e8de78 -> 
  custom:audio-decoder-ogg-vorbis: bf7c407c2cedff20999df2af8eb42d56 -> 
  custom:audio-encoder-webm-vorbis: bf7c407c2cedff20999df2af8eb42d56 -> 
